<?xml version="1.0" encoding="UTF-8"?>
<!-- Generated by org.testng.reporters.JUnitReportReporter -->
<testsuite hostname="LAPTOP-L8BS8AR8" failures="0" tests="1" name="SerializationAndDeserialization.SerializableofEmployeeWithArrayAndObject" time="0.228" errors="0" timestamp="2022-12-26T17:42:28 IST" skipped="0">
  <testcase classname="SerializationAndDeserialization.SerializableofEmployeeWithArrayAndObject" name="serializableofEmployeeWithArrayAndObject" time="0.228"/>
  <system-out/>
</testsuite> <!-- SerializationAndDeserialization.SerializableofEmployeeWithArrayAndObject -->
