<?xml version="1.0" encoding="UTF-8"?>
<!-- Generated by org.testng.reporters.JUnitReportReporter -->
<testsuite hostname="LAPTOP-L8BS8AR8" failures="0" tests="1" name="CRUD_With_BDD1.UpdateSomeDetailsTest" time="7.199" errors="0" timestamp="2022-12-28T12:52:24 IST" skipped="0">
  <testcase classname="CRUD_With_BDD1.UpdateSomeDetailsTest" name="UpdateSomeDetails" time="7.199"/>
  <system-out/>
</testsuite> <!-- CRUD_With_BDD1.UpdateSomeDetailsTest -->
