<?xml version="1.0" encoding="UTF-8"?>
<!-- Generated by org.testng.reporters.JUnitReportReporter -->
<testsuite hostname="LAPTOP-L8BS8AR8" failures="0" tests="1" name="Authentication.Auth2" time="10.395" errors="0" timestamp="2023-01-03T13:26:06 IST" skipped="0">
  <testcase classname="Authentication.Auth2" name="authentication" time="10.395"/>
  <system-out/>
</testsuite> <!-- Authentication.Auth2 -->
