<?xml version="1.0" encoding="UTF-8"?>
<!-- Generated by org.testng.reporters.JUnitReportReporter -->
<testsuite hostname="LAPTOP-L8BS8AR8" failures="0" tests="1" name="CRUD_With_BDD.updateProjectTest" time="3.563" errors="0" timestamp="2022-12-28T07:38:34 IST" skipped="0">
  <testcase classname="CRUD_With_BDD.updateProjectTest" name="updateProject" time="3.563"/>
  <system-out/>
</testsuite> <!-- CRUD_With_BDD.updateProjectTest -->
