<?xml version="1.0" encoding="UTF-8"?>
<!-- Generated by org.testng.reporters.JUnitReportReporter -->
<testsuite hostname="LAPTOP-L8BS8AR8" failures="0" tests="1" name="PostRequestUsingDifferentWays.PostRequestUsingFile" time="2.611" errors="0" timestamp="2022-12-29T11:32:26 IST" skipped="0">
  <testcase classname="PostRequestUsingDifferentWays.PostRequestUsingFile" name="postRequestFile" time="2.611"/>
  <system-out/>
</testsuite> <!-- PostRequestUsingDifferentWays.PostRequestUsingFile -->
