<?xml version="1.0" encoding="UTF-8"?>
<!-- Generated by org.testng.reporters.JUnitReportReporter -->
<testsuite hostname="LAPTOP-L8BS8AR8" failures="0" tests="1" name="interviewQuestions.WritingAPI_ResponsesIntoJsonFile_AsByteArray_WithBDD" time="5.551" errors="0" timestamp="2023-01-03T15:33:44 IST" skipped="0">
  <testcase classname="interviewQuestions.WritingAPI_ResponsesIntoJsonFile_AsByteArray_WithBDD" name="WritingResponseAsByte" time="5.551"/>
  <system-out/>
</testsuite> <!-- interviewQuestions.WritingAPI_ResponsesIntoJsonFile_AsByteArray_WithBDD -->
