<?xml version="1.0" encoding="UTF-8"?>
<!-- Generated by org.testng.reporters.JUnitReportReporter -->
<testsuite hostname="LAPTOP-L8BS8AR8" failures="0" tests="1" name="end2EndScenario.CreateProjectAndVerify" time="2.693" errors="0" timestamp="2023-01-04T15:56:51 IST" skipped="0">
  <testcase classname="end2EndScenario.CreateProjectAndVerify" name="createAndVerify" time="2.693"/>
  <system-out/>
</testsuite> <!-- end2EndScenario.CreateProjectAndVerify -->
