<?xml version="1.0" encoding="UTF-8"?>
<!-- Generated by org.testng.reporters.JUnitReportReporter -->
<testsuite hostname="LAPTOP-L8BS8AR8" failures="0" tests="1" name="SerializationAndDeserialization.SerializationOfEmployeeDetails" time="0.622" errors="0" timestamp="2022-12-26T15:54:03 IST" skipped="0">
  <testcase classname="SerializationAndDeserialization.SerializationOfEmployeeDetails" name="serializationOfEmployee" time="0.622"/>
  <system-out/>
</testsuite> <!-- SerializationAndDeserialization.SerializationOfEmployeeDetails -->
