<?xml version="1.0" encoding="UTF-8"?>
<!-- Generated by org.testng.reporters.JUnitReportReporter -->
<testsuite hostname="LAPTOP-L8BS8AR8" failures="0" tests="1" name="SerializationAndDeserialization.DeserializationOfEmployeeDetails" time="0.450" errors="0" timestamp="2022-12-27T10:59:07 IST" skipped="0">
  <testcase classname="SerializationAndDeserialization.DeserializationOfEmployeeDetails" name="deserializationOfEmployeeDetails" time="0.450"/>
  <system-out/>
</testsuite> <!-- SerializationAndDeserialization.DeserializationOfEmployeeDetails -->
