<?xml version="1.0" encoding="UTF-8"?>
<!-- Generated by org.testng.reporters.JUnitReportReporter -->
<testsuite hostname="LAPTOP-L8BS8AR8" failures="0" tests="1" name="Authentication.BasicAuth" time="6.317" errors="0" timestamp="2023-01-03T12:32:31 IST" skipped="0">
  <testcase classname="Authentication.BasicAuth" name="auth" time="6.317"/>
  <system-out/>
</testsuite> <!-- Authentication.BasicAuth -->
