<?xml version="1.0" encoding="UTF-8"?>
<!-- Generated by org.testng.reporters.JUnitReportReporter -->
<testsuite hostname="LAPTOP-L8BS8AR8" failures="0" tests="1" name="CRUD_With_BDD.deleteProjectTest" time="2.293" errors="0" timestamp="2022-12-28T07:44:57 IST" skipped="0">
  <testcase classname="CRUD_With_BDD.deleteProjectTest" name="deleteProject" time="2.293"/>
  <system-out/>
</testsuite> <!-- CRUD_With_BDD.deleteProjectTest -->
