<?xml version="1.0" encoding="UTF-8"?>
<!-- Generated by org.testng.reporters.JUnitReportReporter -->
<testsuite hostname="LAPTOP-L8BS8AR8" failures="0" tests="1" name="CRUD_With_BDD1.AddProjectWithSameNameTest" time="2.794" errors="0" timestamp="2022-12-28T07:58:52 IST" skipped="0">
  <testcase classname="CRUD_With_BDD1.AddProjectWithSameNameTest" name="AddProjectWithSameName" time="2.794"/>
  <system-out/>
</testsuite> <!-- CRUD_With_BDD1.AddProjectWithSameNameTest -->
