<?xml version="1.0" encoding="UTF-8"?>
<!-- Generated by org.testng.reporters.JUnitReportReporter -->
<testsuite hostname="LAPTOP-L8BS8AR8" failures="0" tests="1" name="PostRequestUsingDifferentWays.PostRequestUsingHashMap" time="6.154" errors="0" timestamp="2022-12-29T11:59:44 IST" skipped="0">
  <testcase classname="PostRequestUsingDifferentWays.PostRequestUsingHashMap" name="postRequestHashMap" time="6.154"/>
  <system-out/>
</testsuite> <!-- PostRequestUsingDifferentWays.PostRequestUsingHashMap -->
