<?xml version="1.0" encoding="UTF-8"?>
<!-- Generated by org.testng.reporters.JUnitReportReporter -->
<testsuite hostname="LAPTOP-L8BS8AR8" failures="0" tests="1" name="interviewQuestions.WritingAPI_ResponsesIntoJsonFile_AsInputStream_WithoutBDD" time="6.226" errors="0" timestamp="2023-01-03T17:42:03 IST" skipped="0">
  <testcase classname="interviewQuestions.WritingAPI_ResponsesIntoJsonFile_AsInputStream_WithoutBDD" name="WritingResponseAsInputStream" time="6.226"/>
  <system-out/>
</testsuite> <!-- interviewQuestions.WritingAPI_ResponsesIntoJsonFile_AsInputStream_WithoutBDD -->
