<?xml version="1.0" encoding="UTF-8"?>
<!-- Generated by org.testng.reporters.JUnitReportReporter -->
<testsuite hostname="LAPTOP-L8BS8AR8" failures="0" tests="1" name="sendingRequestUsingGenerics.addProject" time="2.239" errors="0" timestamp="2023-01-04T13:00:03 IST" skipped="0">
  <testcase classname="sendingRequestUsingGenerics.addProject" name="createProject" time="2.239"/>
  <system-out/>
</testsuite> <!-- sendingRequestUsingGenerics.addProject -->
