<?xml version="1.0" encoding="UTF-8"?>
<!-- Generated by org.testng.reporters.JUnitReportReporter -->
<testsuite hostname="LAPTOP-L8BS8AR8" failures="0" tests="1" name="CRUD_With_BDD.addProject" time="3.065" errors="0" timestamp="2022-12-27T17:41:01 IST" skipped="0">
  <testcase classname="CRUD_With_BDD.addProject" name="createProjectTest" time="3.065"/>
  <system-out/>
</testsuite> <!-- CRUD_With_BDD.addProject -->
