<?xml version="1.0" encoding="UTF-8"?>
<!-- Generated by org.testng.reporters.JUnitReportReporter -->
<testsuite hostname="LAPTOP-L8BS8AR8" failures="0" tests="1" name="validation.StaticResponseValidation" time="17.831" errors="0" timestamp="2022-12-29T15:19:30 IST" skipped="0">
  <testcase classname="validation.StaticResponseValidation" name="getAllProjects" time="17.831"/>
  <system-out/>
</testsuite> <!-- validation.StaticResponseValidation -->
