<?xml version="1.0" encoding="UTF-8"?>
<!-- Generated by org.testng.reporters.JUnitReportReporter -->
<testsuite hostname="LAPTOP-L8BS8AR8" failures="0" tests="1" name="Authentication.AuthenticationViaBearerToken" time="5.533" errors="0" timestamp="2023-01-03T12:33:27 IST" skipped="0">
  <testcase classname="Authentication.AuthenticationViaBearerToken" name="authThroughBearerToken" time="5.533"/>
  <system-out/>
</testsuite> <!-- Authentication.AuthenticationViaBearerToken -->
