<?xml version="1.0" encoding="UTF-8"?>
<!-- Generated by org.testng.reporters.JUnitReportReporter -->
<testsuite hostname="LAPTOP-L8BS8AR8" failures="0" tests="1" name="interviewQuestions.WritingAPI_ResponsesIntoJsonFile_AsByteArray" time="5.078" errors="0" timestamp="2023-01-03T13:26:18 IST" skipped="0">
  <testcase classname="interviewQuestions.WritingAPI_ResponsesIntoJsonFile_AsByteArray" name="WritingResponseAsByte" time="5.078"/>
  <system-out/>
</testsuite> <!-- interviewQuestions.WritingAPI_ResponsesIntoJsonFile_AsByteArray -->
