<?xml version="1.0" encoding="UTF-8"?>
<!-- Generated by org.testng.reporters.JUnitReportReporter -->
<testsuite hostname="LAPTOP-L8BS8AR8" failures="0" tests="1" name="CRUD_With_BDD.getAllUserTest" time="2.102" errors="0" timestamp="2022-12-28T07:15:19 IST" skipped="0">
  <testcase classname="CRUD_With_BDD.getAllUserTest" name="getAllUser" time="2.102"/>
  <system-out/>
</testsuite> <!-- CRUD_With_BDD.getAllUserTest -->
