<?xml version="1.0" encoding="UTF-8"?>
<!-- Generated by org.testng.reporters.JUnitReportReporter -->
<testsuite hostname="LAPTOP-L8BS8AR8" failures="0" tests="1" name="end2EndScenario.GetSingleProjectTest" time="2.281" errors="0" timestamp="2023-01-04T17:26:26 IST" skipped="0">
  <testcase classname="end2EndScenario.GetSingleProjectTest" name="getSingleProject" time="2.281"/>
  <system-out/>
</testsuite> <!-- end2EndScenario.GetSingleProjectTest -->
